Flow report for lab6
Thu Jun 19 19:55:45 2025
Quartus II 64-Bit Version 13.0.1 Build 232 06/12/2013 Service Pack 1 SJ Web Edition


---------------------
; Table of Contents ;
---------------------
  1. Legal Notice
  2. Flow Summary
  3. Flow Settings
  4. Flow Non-Default Global Settings
  5. Flow Elapsed Time
  6. Flow OS Summary
  7. Flow Log
  8. Flow Messages
  9. Flow Suppressed Messages



----------------
; Legal Notice ;
----------------
Copyright (C) 1991-2013 Altera Corporation
Your use of Altera Corporation's design tools, logic functions 
and other software and tools, and its AMPP partner logic 
functions, and any output files from any of the foregoing 
(including device programming or simulation files), and any 
associated documentation or information are expressly subject 
to the terms and conditions of the Altera Program License 
Subscription Agreement, Altera MegaCore Function License 
Agreement, or other applicable license agreement, including, 
without limitation, that your use is for the sole purpose of 
programming logic devices manufactured by Altera and sold by 
Altera or its authorized distributors.  Please refer to the 
applicable agreement for further details.



+--------------------------------------------------------------------------------------+
; Flow Summary                                                                         ;
+------------------------------------+-------------------------------------------------+
; Flow Status                        ; Successful - Thu Jun 19 19:55:45 2025           ;
; Quartus II 64-Bit Version          ; 13.0.1 Build 232 06/12/2013 SP 1 SJ Web Edition ;
; Revision Name                      ; lab6                                            ;
; Top-level Entity Name              ; lab6_Part3                                      ;
; Family                             ; Cyclone II                                      ;
; Device                             ; EP2C35F672C6                                    ;
; Timing Models                      ; Final                                           ;
; Total logic elements               ; 32 / 33,216 ( < 1 % )                           ;
;     Total combinational functions  ; 24 / 33,216 ( < 1 % )                           ;
;     Dedicated logic registers      ; 17 / 33,216 ( < 1 % )                           ;
; Total registers                    ; 17                                              ;
; Total pins                         ; 62 / 475 ( 13 % )                               ;
; Total virtual pins                 ; 0                                               ;
; Total memory bits                  ; 0 / 483,840 ( 0 % )                             ;
; Embedded Multiplier 9-bit elements ; 0 / 70 ( 0 % )                                  ;
; Total PLLs                         ; 0 / 4 ( 0 % )                                   ;
+------------------------------------+-------------------------------------------------+


+-----------------------------------------+
; Flow Settings                           ;
+-------------------+---------------------+
; Option            ; Setting             ;
+-------------------+---------------------+
; Start date & time ; 06/19/2025 17:53:07 ;
; Main task         ; Compilation         ;
; Revision Name     ; lab6                ;
+-------------------+---------------------+


+----------------------------------------------------------------------------------------------------------------------+
; Flow Non-Default Global Settings                                                                                     ;
+-------------------------------------+---------------------------------+---------------+-------------+----------------+
; Assignment Name                     ; Value                           ; Default Value ; Entity Name ; Section Id     ;
+-------------------------------------+---------------------------------+---------------+-------------+----------------+
; COMPILER_SIGNATURE_ID               ; 189617194455569.175036998733984 ; --            ; --          ; --             ;
; EDA_GENERATE_FUNCTIONAL_NETLIST     ; On                              ; --            ; --          ; eda_simulation ;
; EDA_OUTPUT_DATA_FORMAT              ; Verilog Hdl                     ; --            ; --          ; eda_simulation ;
; EDA_SIMULATION_TOOL                 ; ModelSim-Altera (Verilog)       ; <None>        ; --          ; --             ;
; MAX_CORE_JUNCTION_TEMP              ; 85                              ; --            ; --          ; --             ;
; MIN_CORE_JUNCTION_TEMP              ; 0                               ; --            ; --          ; --             ;
; PARTITION_COLOR                     ; 16764057                        ; --            ; lab6_Part3  ; Top            ;
; PARTITION_FITTER_PRESERVATION_LEVEL ; PLACEMENT_AND_ROUTING           ; --            ; lab6_Part3  ; Top            ;
; PARTITION_NETLIST_TYPE              ; SOURCE                          ; --            ; lab6_Part3  ; Top            ;
; PROJECT_OUTPUT_DIRECTORY            ; output_files                    ; --            ; --          ; --             ;
; TOP_LEVEL_ENTITY                    ; lab6_Part3                      ; lab6          ; --          ; --             ;
+-------------------------------------+---------------------------------+---------------+-------------+----------------+


+-------------------------------------------------------------------------------------------------------------------------------+
; Flow Elapsed Time                                                                                                             ;
+---------------------------+--------------+-------------------------+---------------------+------------------------------------+
; Module Name               ; Elapsed Time ; Average Processors Used ; Peak Virtual Memory ; Total CPU Time (on all processors) ;
+---------------------------+--------------+-------------------------+---------------------+------------------------------------+
; Analysis & Synthesis      ; 00:00:02     ; 1.0                     ; 4637 MB             ; 00:00:01                           ;
; Fitter                    ; 00:00:05     ; 1.0                     ; 4885 MB             ; 00:00:04                           ;
; Assembler                 ; 00:00:01     ; 1.0                     ; 4563 MB             ; 00:00:02                           ;
; TimeQuest Timing Analyzer ; 00:00:01     ; 1.0                     ; 4542 MB             ; 00:00:01                           ;
; EDA Netlist Writer        ; 00:00:00     ; 1.0                     ; 4513 MB             ; 00:00:00                           ;
; EDA Netlist Writer        ; 00:00:00     ; 1.0                     ; 4521 MB             ; 00:00:00                           ;
; EDA Netlist Writer        ; 00:00:00     ; 1.0                     ; 4521 MB             ; 00:00:00                           ;
; EDA Netlist Writer        ; 00:00:01     ; 1.0                     ; 4521 MB             ; 00:00:00                           ;
; EDA Netlist Writer        ; 00:00:01     ; 1.0                     ; 4521 MB             ; 00:00:00                           ;
; EDA Netlist Writer        ; 00:00:00     ; 1.0                     ; 4521 MB             ; 00:00:00                           ;
; EDA Netlist Writer        ; 00:00:01     ; 1.0                     ; 4521 MB             ; 00:00:00                           ;
; EDA Netlist Writer        ; 00:00:00     ; 1.0                     ; 4521 MB             ; 00:00:00                           ;
; Total                     ; 00:00:12     ; --                      ; --                  ; 00:00:08                           ;
+---------------------------+--------------+-------------------------+---------------------+------------------------------------+


+----------------------------------------------------------------------------------------+
; Flow OS Summary                                                                        ;
+---------------------------+------------------+-----------+------------+----------------+
; Module Name               ; Machine Hostname ; OS Name   ; OS Version ; Processor type ;
+---------------------------+------------------+-----------+------------+----------------+
; Analysis & Synthesis      ; AdelXPS          ; Windows 7 ; 6.2        ; x86_64         ;
; Fitter                    ; AdelXPS          ; Windows 7 ; 6.2        ; x86_64         ;
; Assembler                 ; AdelXPS          ; Windows 7 ; 6.2        ; x86_64         ;
; TimeQuest Timing Analyzer ; AdelXPS          ; Windows 7 ; 6.2        ; x86_64         ;
; EDA Netlist Writer        ; AdelXPS          ; Windows 7 ; 6.2        ; x86_64         ;
; EDA Netlist Writer        ; AdelXPS          ; Windows 7 ; 6.2        ; x86_64         ;
; EDA Netlist Writer        ; AdelXPS          ; Windows 7 ; 6.2        ; x86_64         ;
; EDA Netlist Writer        ; AdelXPS          ; Windows 7 ; 6.2        ; x86_64         ;
; EDA Netlist Writer        ; AdelXPS          ; Windows 7 ; 6.2        ; x86_64         ;
; EDA Netlist Writer        ; AdelXPS          ; Windows 7 ; 6.2        ; x86_64         ;
; EDA Netlist Writer        ; AdelXPS          ; Windows 7 ; 6.2        ; x86_64         ;
; EDA Netlist Writer        ; AdelXPS          ; Windows 7 ; 6.2        ; x86_64         ;
+---------------------------+------------------+-----------+------------+----------------+


------------
; Flow Log ;
------------
quartus_map --read_settings_files=on --write_settings_files=off lab6 -c lab6
quartus_fit --read_settings_files=off --write_settings_files=off lab6 -c lab6
quartus_asm --read_settings_files=off --write_settings_files=off lab6 -c lab6
quartus_sta lab6 -c lab6
quartus_eda --read_settings_files=off --write_settings_files=off lab6 -c lab6
quartus_eda --gen_testbench --check_outputs=on --tool=modelsim_oem --format=verilog lab6 -c lab6 --vector_source="C:/Users/adelf/OneDrive/Documents/COE328/lab 6/thirdwaveforms.vwf" --testbench_file=./simulation/qsim/lab6.vt
quartus_eda --gen_testbench --check_outputs=on --tool=modelsim_oem --format=verilog lab6 -c lab6 --vector_source="C:/Users/adelf/OneDrive/Documents/COE328/lab 6/thirdwaveforms.vwf" --testbench_file=./simulation/qsim/lab6.vt
quartus_eda --functional=on --simulation=on --tool=modelsim_oem --format=verilog lab6 -c lab6
quartus_eda --gen_testbench --check_outputs=on --tool=modelsim_oem --format=verilog lab6 -c lab6 --vector_source="C:/Users/adelf/OneDrive/Documents/COE328/lab 6/latchwaveform.vwf" --testbench_file=./simulation/qsim/lab6.vt
quartus_eda --functional=on --simulation=on --tool=modelsim_oem --format=verilog lab6 -c lab6
quartus_eda --gen_testbench --check_outputs=on --tool=modelsim_oem --format=verilog lab6 -c lab6 --vector_source="C:/Users/adelf/OneDrive/Documents/COE328/lab 6/decoderwaveform.vwf" --testbench_file=./simulation/qsim/lab6.vt
quartus_eda --functional=on --simulation=on --tool=modelsim_oem --format=verilog lab6 -c lab6



